TN:
SF:src/features/certificates/schemas/certificate-schema.ts
FN:12,(anonymous_0)
FNF:1
FNH:1
FNDA:4,(anonymous_0)
DA:3,1
DA:13,4
DA:14,4
DA:24,1
LF:4
LH:4
BRDA:13,0,0,0
BRDA:13,0,1,4
BRDA:13,1,0,4
BRDA:13,1,1,4
BRF:4
BRH:3
end_of_record
TN:
SF:src/features/correspondents/schemas/correspondent-schema.ts
FNF:0
FNH:0
DA:3,1
DA:29,1
LF:2
LH:2
BRF:0
BRH:0
end_of_record
TN:
SF:src/features/ginvoice/schemas/intake-schema.ts
FN:4,(anonymous_0)
FN:35,(anonymous_1)
FNF:2
FNH:0
FNDA:0,(anonymous_0)
FNDA:0,(anonymous_1)
DA:3,0
DA:5,0
DA:6,0
DA:7,0
DA:8,0
DA:17,0
DA:36,0
DA:37,0
DA:38,0
DA:48,0
LF:10
LH:0
BRDA:5,0,0,0
BRDA:5,0,1,0
BRDA:5,1,0,0
BRDA:5,1,1,0
BRDA:5,1,2,0
BRDA:6,2,0,0
BRDA:6,2,1,0
BRDA:8,3,0,0
BRDA:8,3,1,0
BRDA:36,4,0,0
BRDA:36,4,1,0
BRDA:37,5,0,0
BRDA:37,5,1,0
BRDA:37,6,0,0
BRDA:37,6,1,0
BRF:15
BRH:0
end_of_record
TN:
SF:src/features/ginvoice/schemas/job-schema.ts
FNF:0
FNH:0
DA:3,0
DA:25,0
LF:2
LH:0
BRF:0
BRH:0
end_of_record
TN:
SF:src/features/ginvoice/schemas/vendor-schema.ts
FNF:0
FNH:0
DA:3,0
DA:21,0
LF:2
LH:0
BRF:0
BRH:0
end_of_record
TN:
SF:src/features/liquidations/schemas/liquidation-schema.ts
FNF:0
FNH:0
DA:3,1
DA:23,1
DA:31,1
LF:3
LH:3
BRF:0
BRH:0
end_of_record
TN:
SF:src/features/payments/schemas/payment-request-schema.ts
FNF:0
FNH:0
DA:3,1
DA:13,1
LF:2
LH:2
BRF:0
BRH:0
end_of_record
TN:
SF:src/features/portal/schemas/portal-invoice-schema.ts
FNF:0
FNH:0
DA:3,0
DA:22,0
LF:2
LH:0
BRF:0
BRH:0
end_of_record
TN:
SF:src/features/portal/schemas/portal-profile-schema.ts
FNF:0
FNH:0
DA:3,0
LF:1
LH:0
BRF:0
BRH:0
end_of_record
TN:
SF:src/features/settings/schemas/settings-schemas.ts
FNF:0
FNH:0
DA:4,1
DA:17,1
DA:23,1
DA:28,1
DA:35,1
DA:40,1
LF:6
LH:6
BRF:0
BRH:0
end_of_record
TN:
SF:src/lib/certificate-utils.ts
FN:13,getCertificateStatus
FN:44,formatDate
FN:48,getDefaultExpiryDate
FN:54,validateCountryMatch
FN:70,filterExpiringCertificates
FN:74,(anonymous_5)
FNF:6
FNH:6
FNDA:16,getCertificateStatus
FNDA:1,formatDate
FNDA:2,getDefaultExpiryDate
FNDA:2,validateCountryMatch
FNDA:2,filterExpiringCertificates
FNDA:4,(anonymous_5)
DA:14,16
DA:15,16
DA:16,16
DA:18,16
DA:19,2
DA:27,14
DA:28,4
DA:36,10
DA:45,1
DA:49,2
DA:50,2
DA:51,2
DA:58,2
DA:59,1
DA:64,1
DA:74,2
DA:75,4
DA:76,4
LF:18
LH:18
BRDA:18,0,0,2
BRDA:18,0,1,14
BRDA:27,1,0,4
BRDA:27,1,1,10
BRDA:58,2,0,1
BRDA:58,2,1,1
BRDA:72,3,0,2
BRF:7
BRH:7
end_of_record
TN:
SF:src/lib/constants.ts
FNF:0
FNH:0
DA:1,3
DA:3,3
DA:9,3
DA:18,3
DA:25,3
DA:31,3
DA:39,3
DA:41,3
DA:50,3
LF:9
LH:9
BRF:0
BRH:0
end_of_record
TN:
SF:src/lib/countries.ts
FNF:0
FNH:0
DA:1,2
LF:1
LH:1
BRF:0
BRH:0
end_of_record
TN:
SF:src/lib/csv-export.ts
FN:10,generateCsv
FN:12,(anonymous_1)
FN:14,(anonymous_2)
FN:16,(anonymous_3)
FN:30,downloadCsv
FN:46,exportTableToCsv
FN:59,escapeCell
FN:70,csvFilename
FNF:8
FNH:6
FNDA:8,generateCsv
FNDA:23,(anonymous_1)
FNDA:11,(anonymous_2)
FNDA:31,(anonymous_3)
FNDA:0,downloadCsv
FNDA:0,exportTableToCsv
FNDA:54,escapeCell
FNDA:1,csvFilename
DA:11,8
DA:12,23
DA:14,8
DA:15,11
DA:18,31
DA:19,31
DA:24,8
DA:31,0
DA:32,0
DA:33,0
DA:34,0
DA:35,0
DA:36,0
DA:37,0
DA:38,0
DA:39,0
DA:40,0
DA:51,0
DA:52,0
DA:60,54
DA:61,2
DA:63,52
DA:71,1
DA:72,1
LF:24
LH:12
BRDA:18,0,0,2
BRDA:18,0,1,29
BRDA:19,1,0,29
BRDA:19,1,1,2
BRDA:60,2,0,2
BRDA:60,2,1,52
BRDA:60,3,0,54
BRDA:60,3,1,53
BRDA:60,3,2,53
BRF:9
BRH:9
end_of_record
TN:
SF:src/lib/feature-flags.ts
FN:7,isGInvoiceEnabled
FNF:1
FNH:0
FNDA:0,isGInvoiceEnabled
DA:8,0
DA:9,0
DA:10,0
DA:11,0
DA:12,0
DA:14,0
LF:6
LH:0
BRDA:9,0,0,0
BRDA:9,0,1,0
BRDA:11,1,0,0
BRDA:11,1,1,0
BRF:4
BRH:0
end_of_record
TN:
SF:src/lib/liquidation-utils.ts
FN:17,getStatusConfig
FN:21,formatAmount
FNF:2
FNH:2
FNDA:8,getStatusConfig
FNDA:10,formatAmount
DA:8,2
DA:18,8
DA:22,10
DA:29,2
LF:4
LH:4
BRDA:18,0,0,8
BRDA:18,0,1,1
BRF:2
BRH:2
end_of_record
TN:
SF:src/lib/notification-utils.ts
FN:3,formatRelativeTime
FN:22,getNotificationIcon
FNF:2
FNH:2
FNDA:8,formatRelativeTime
FNDA:4,getNotificationIcon
DA:4,8
DA:5,8
DA:7,8
DA:8,8
DA:9,7
DA:11,6
DA:12,6
DA:14,5
DA:15,5
DA:16,4
DA:17,3
DA:19,2
DA:23,4
DA:31,4
LF:14
LH:14
BRDA:8,0,0,1
BRDA:8,0,1,7
BRDA:9,1,0,1
BRDA:9,1,1,6
BRDA:12,2,0,1
BRDA:12,2,1,5
BRDA:15,3,0,1
BRDA:15,3,1,4
BRDA:16,4,0,1
BRDA:16,4,1,3
BRDA:17,5,0,1
BRDA:17,5,1,2
BRDA:19,6,0,2
BRDA:19,6,1,0
BRDA:31,7,0,4
BRDA:31,7,1,1
BRF:16
BRH:15
end_of_record
TN:
SF:src/lib/payment-utils.ts
FN:14,getPaymentStatusConfig
FNF:1
FNH:1
FNDA:2,getPaymentStatusConfig
DA:7,1
DA:15,2
LF:2
LH:2
BRDA:15,0,0,2
BRDA:15,0,1,1
BRF:2
BRH:2
end_of_record
TN:
SF:src/lib/search-index.ts
FN:22,buildSearchIndex
FN:63,(anonymous_1)
FN:100,searchEntities
FNF:3
FNH:3
FNDA:6,buildSearchIndex
FNDA:120,(anonymous_1)
FNDA:5,searchEntities
DA:28,6
DA:30,6
DA:31,12
DA:41,6
DA:42,6
DA:43,6
DA:62,6
DA:63,120
DA:64,6
DA:65,6
DA:82,6
DA:83,6
DA:84,6
DA:97,6
DA:105,5
DA:106,4
DA:107,4
DA:110,4
DA:112,4
DA:113,17
DA:114,16
DA:115,11
DA:116,11
DA:117,11
DA:118,11
DA:123,4
LF:26
LH:26
BRDA:56,0,0,6
BRDA:56,0,1,0
BRDA:57,1,0,6
BRDA:57,1,1,0
BRDA:70,2,0,6
BRDA:70,2,1,0
BRDA:76,3,0,6
BRDA:76,3,1,0
BRDA:77,4,0,6
BRDA:77,4,1,0
BRDA:91,5,0,6
BRDA:91,5,1,0
BRDA:92,6,0,6
BRDA:92,6,1,0
BRDA:103,7,0,5
BRDA:105,8,0,1
BRDA:105,8,1,4
BRDA:113,9,0,1
BRDA:113,9,1,16
BRDA:114,10,0,11
BRDA:114,10,1,5
BRDA:115,11,0,11
BRDA:115,11,1,11
BRDA:116,12,0,11
BRDA:116,12,1,0
BRF:25
BRH:17
end_of_record
TN:
SF:src/lib/supabase.ts
FNF:0
FNH:0
DA:4,0
DA:5,0
DA:7,0
LF:3
LH:0
BRF:0
BRH:0
end_of_record
TN:
SF:src/lib/utils.ts
FN:4,cn
FNF:1
FNH:1
FNDA:29,cn
DA:5,29
LF:1
LH:1
BRF:0
BRH:0
end_of_record
TN:
SF:src/lib/xlsx-export.ts
FN:10,exportTableToXlsx
FN:18,(anonymous_1)
FN:20,(anonymous_2)
FN:31,(anonymous_3)
FN:38,xlsxFilename
FNF:5
FNH:0
FNDA:0,exportTableToXlsx
FNDA:0,(anonymous_1)
FNDA:0,(anonymous_2)
FNDA:0,(anonymous_3)
FNDA:0,xlsxFilename
DA:16,0
DA:18,0
DA:19,0
DA:20,0
DA:22,0
DA:25,0
DA:27,0
DA:30,0
DA:31,0
DA:33,0
DA:34,0
DA:35,0
DA:39,0
DA:40,0
LF:14
LH:0
BRDA:14,0,0,0
BRDA:22,1,0,0
BRDA:22,1,1,0
BRDA:25,2,0,0
BRDA:25,2,1,0
BRF:5
BRH:0
end_of_record
